<?xml version="1.0" encoding="UTF-8"?>
<testng-results ignored="24" total="36" passed="7" failed="5" skipped="0">
  <reporter-output>
  </reporter-output>
  <suite started-at="2024-07-04T19:27:04 IST" name="Suite" finished-at="2024-07-04T19:30:12 IST" duration-ms="188423">
    <groups>
    </groups>
    <test started-at="2024-07-04T19:27:04 IST" name="ChromeBestbuyTest" finished-at="2024-07-04T19:30:12 IST" duration-ms="188423">
      <class name="testcomponents.BrandShopTest">
        <test-method is-config="true" signature="beforeTest()[pri:0, instance:testcomponents.BrandShopTest@15043a2f]" started-at="2024-07-04T19:27:04 IST" name="beforeTest" finished-at="2024-07-04T19:27:04 IST" duration-ms="2" status="PASS">
          <reporter-output>
          </reporter-output>
        </test-method> <!-- beforeTest -->
        <test-method is-config="true" signature="beforeClass()[pri:0, instance:testcomponents.BrandShopTest@15043a2f]" started-at="2024-07-04T19:30:06 IST" name="beforeClass" finished-at="2024-07-04T19:30:06 IST" duration-ms="0" status="PASS">
          <reporter-output>
          </reporter-output>
        </test-method> <!-- beforeClass -->
        <test-method is-config="true" signature="beforeMethod()[pri:0, instance:testcomponents.BrandShopTest@15043a2f]" started-at="2024-07-04T19:30:06 IST" name="beforeMethod" finished-at="2024-07-04T19:30:06 IST" duration-ms="0" status="PASS">
          <reporter-output>
          </reporter-output>
        </test-method> <!-- beforeMethod -->
        <test-method signature="testShopByBrand()[pri:0, instance:testcomponents.BrandShopTest@15043a2f]" started-at="2024-07-04T19:30:06 IST" name="testShopByBrand" finished-at="2024-07-04T19:30:07 IST" duration-ms="1086" status="FAIL">
          <exception class="org.openqa.selenium.ElementClickInterceptedException">
            <message>
              <![CDATA[element click intercepted: Element <button class="c-button-unstyled hamburger-menu-button" type="button" aria-controls="flyout-container" aria-expanded="false" aria-label="Menu">...</button> is not clickable at point (198, 36). Other element would receive the click: <div id="confirmIt-backdrop" class="confirmIt modal-backdrop in"></div>
  (Session info: chrome=126.0.6478.127)
Build info: version: '4.22.0', revision: 'c5f3146703*'
System info: os.name: 'Windows 10', os.arch: 'amd64', os.version: '10.0', java.version: '17.0.7'
Driver info: org.openqa.selenium.chrome.ChromeDriver
Command: [d4cf9c3a05fe3a55cfd8eec8029a94fd, clickElement {id=f.D9497C1D588BCF030408A6CD532FA7E5.d.D0DB091135F7893E8AE741457DF07A46.e.1216}]
Capabilities {acceptInsecureCerts: false, browserName: chrome, browserVersion: 126.0.6478.127, chrome: {chromedriverVersion: 126.0.6478.126 (d36ace6122e..., userDataDir: C:\Users\HP\AppData\Local\T...}, fedcm:accounts: true, goog:chromeOptions: {debuggerAddress: localhost:52117}, networkConnectionEnabled: false, pageLoadStrategy: normal, platformName: windows, proxy: Proxy(), se:cdp: ws://localhost:52117/devtoo..., se:cdpVersion: 126.0.6478.127, setWindowRect: true, strictFileInteractability: false, timeouts: {implicit: 0, pageLoad: 300000, script: 30000}, unhandledPromptBehavior: dismiss and notify, webauthn:extension:credBlob: true, webauthn:extension:largeBlob: true, webauthn:extension:minPinLength: true, webauthn:extension:prf: true, webauthn:virtualAuthenticators: true}
Element: [[ChromeDriver: chrome on windows (d4cf9c3a05fe3a55cfd8eec8029a94fd)] -> xpath: //nav[@class = 'hamburger-menu']//child:: button]
Session ID: d4cf9c3a05fe3a55cfd8eec8029a94fd]]>
            </message>
            <full-stacktrace>
              <![CDATA[org.openqa.selenium.ElementClickInterceptedException: element click intercepted: Element <button class="c-button-unstyled hamburger-menu-button" type="button" aria-controls="flyout-container" aria-expanded="false" aria-label="Menu">...</button> is not clickable at point (198, 36). Other element would receive the click: <div id="confirmIt-backdrop" class="confirmIt modal-backdrop in"></div>
  (Session info: chrome=126.0.6478.127)
Build info: version: '4.22.0', revision: 'c5f3146703*'
System info: os.name: 'Windows 10', os.arch: 'amd64', os.version: '10.0', java.version: '17.0.7'
Driver info: org.openqa.selenium.chrome.ChromeDriver
Command: [d4cf9c3a05fe3a55cfd8eec8029a94fd, clickElement {id=f.D9497C1D588BCF030408A6CD532FA7E5.d.D0DB091135F7893E8AE741457DF07A46.e.1216}]
Capabilities {acceptInsecureCerts: false, browserName: chrome, browserVersion: 126.0.6478.127, chrome: {chromedriverVersion: 126.0.6478.126 (d36ace6122e..., userDataDir: C:\Users\HP\AppData\Local\T...}, fedcm:accounts: true, goog:chromeOptions: {debuggerAddress: localhost:52117}, networkConnectionEnabled: false, pageLoadStrategy: normal, platformName: windows, proxy: Proxy(), se:cdp: ws://localhost:52117/devtoo..., se:cdpVersion: 126.0.6478.127, setWindowRect: true, strictFileInteractability: false, timeouts: {implicit: 0, pageLoad: 300000, script: 30000}, unhandledPromptBehavior: dismiss and notify, webauthn:extension:credBlob: true, webauthn:extension:largeBlob: true, webauthn:extension:minPinLength: true, webauthn:extension:prf: true, webauthn:virtualAuthenticators: true}
Element: [[ChromeDriver: chrome on windows (d4cf9c3a05fe3a55cfd8eec8029a94fd)] -> xpath: //nav[@class = 'hamburger-menu']//child:: button]
Session ID: d4cf9c3a05fe3a55cfd8eec8029a94fd
at java.base/jdk.internal.reflect.NativeConstructorAccessorImpl.newInstance0(Native Method)
at java.base/jdk.internal.reflect.NativeConstructorAccessorImpl.newInstance(NativeConstructorAccessorImpl.java:77)
at java.base/jdk.internal.reflect.DelegatingConstructorAccessorImpl.newInstance(DelegatingConstructorAccessorImpl.java:45)
at java.base/java.lang.reflect.Constructor.newInstanceWithCaller(Constructor.java:499)
at java.base/java.lang.reflect.Constructor.newInstance(Constructor.java:480)
at org.openqa.selenium.remote.ErrorCodec.decode(ErrorCodec.java:167)
at org.openqa.selenium.remote.codec.w3c.W3CHttpResponseCodec.decode(W3CHttpResponseCodec.java:138)
at org.openqa.selenium.remote.codec.w3c.W3CHttpResponseCodec.decode(W3CHttpResponseCodec.java:50)
at org.openqa.selenium.remote.HttpCommandExecutor.execute(HttpCommandExecutor.java:190)
at org.openqa.selenium.remote.service.DriverCommandExecutor.invokeExecute(DriverCommandExecutor.java:216)
at org.openqa.selenium.remote.service.DriverCommandExecutor.execute(DriverCommandExecutor.java:174)
at org.openqa.selenium.remote.RemoteWebDriver.execute(RemoteWebDriver.java:518)
at org.openqa.selenium.remote.RemoteWebElement.execute(RemoteWebElement.java:223)
at org.openqa.selenium.remote.RemoteWebElement.click(RemoteWebElement.java:76)
at jdk.internal.reflect.GeneratedMethodAccessor2.invoke(Unknown Source)
at java.base/jdk.internal.reflect.DelegatingMethodAccessorImpl.invoke(DelegatingMethodAccessorImpl.java:43)
at java.base/java.lang.reflect.Method.invoke(Method.java:568)
at org.openqa.selenium.support.pagefactory.internal.LocatingElementHandler.invoke(LocatingElementHandler.java:51)
at jdk.proxy2/jdk.proxy2.$Proxy22.click(Unknown Source)
at utils.WebUtility.linkClick(WebUtility.java:59)
at pagecomponents.SelectByBrand.shopByBrand(SelectByBrand.java:41)
at testcomponents.BrandShopTest.testShopByBrand(BrandShopTest.java:27)
at java.base/jdk.internal.reflect.NativeMethodAccessorImpl.invoke0(Native Method)
at java.base/jdk.internal.reflect.NativeMethodAccessorImpl.invoke(NativeMethodAccessorImpl.java:77)
at java.base/jdk.internal.reflect.DelegatingMethodAccessorImpl.invoke(DelegatingMethodAccessorImpl.java:43)
at java.base/java.lang.reflect.Method.invoke(Method.java:568)
at org.testng.internal.invokers.MethodInvocationHelper.invokeMethod(MethodInvocationHelper.java:139)
at org.testng.internal.invokers.TestInvoker.invokeMethod(TestInvoker.java:677)
at org.testng.internal.invokers.TestInvoker.invokeTestMethod(TestInvoker.java:221)
at org.testng.internal.invokers.MethodRunner.runInSequence(MethodRunner.java:50)
at org.testng.internal.invokers.TestInvoker$MethodInvocationAgent.invoke(TestInvoker.java:969)
at org.testng.internal.invokers.TestInvoker.invokeTestMethods(TestInvoker.java:194)
at org.testng.internal.invokers.TestMethodWorker.invokeTestMethods(TestMethodWorker.java:148)
at org.testng.internal.invokers.TestMethodWorker.run(TestMethodWorker.java:128)
at java.base/java.util.ArrayList.forEach(ArrayList.java:1511)
at org.testng.TestRunner.privateRun(TestRunner.java:829)
at org.testng.TestRunner.run(TestRunner.java:602)
at org.testng.SuiteRunner.runTest(SuiteRunner.java:437)
at org.testng.SuiteRunner.runSequentially(SuiteRunner.java:431)
at org.testng.SuiteRunner.privateRun(SuiteRunner.java:391)
at org.testng.SuiteRunner.run(SuiteRunner.java:330)
at org.testng.SuiteRunnerWorker.runSuite(SuiteRunnerWorker.java:52)
at org.testng.SuiteRunnerWorker.run(SuiteRunnerWorker.java:95)
at org.testng.TestNG.runSuitesSequentially(TestNG.java:1256)
at org.testng.TestNG.runSuitesLocally(TestNG.java:1176)
at org.testng.TestNG.runSuites(TestNG.java:1099)
at org.testng.TestNG.run(TestNG.java:1067)
at org.testng.remote.AbstractRemoteTestNG.run(AbstractRemoteTestNG.java:115)
at org.testng.remote.RemoteTestNG.initAndRun(RemoteTestNG.java:251)
at org.testng.remote.RemoteTestNG.main(RemoteTestNG.java:77)
]]>
            </full-stacktrace>
          </exception> <!-- org.openqa.selenium.ElementClickInterceptedException -->
          <reporter-output>
          </reporter-output>
        </test-method> <!-- testShopByBrand -->
        <test-method is-config="true" signature="afterClass()[pri:0, instance:testcomponents.BrandShopTest@15043a2f]" started-at="2024-07-04T19:30:07 IST" name="afterClass" finished-at="2024-07-04T19:30:07 IST" duration-ms="0" status="PASS">
          <reporter-output>
          </reporter-output>
        </test-method> <!-- afterClass -->
        <test-method is-config="true" signature="afterMethod()[pri:0, instance:testcomponents.BrandShopTest@15043a2f]" started-at="2024-07-04T19:30:07 IST" name="afterMethod" finished-at="2024-07-04T19:30:07 IST" duration-ms="0" status="PASS">
          <reporter-output>
          </reporter-output>
        </test-method> <!-- afterMethod -->
      </class> <!-- testcomponents.BrandShopTest -->
      <class name="testcomponents.ValidateBottomLinkTest">
        <test-method is-config="true" signature="beforeTest()[pri:0, instance:testcomponents.ValidateBottomLinkTest@79e4c792]" started-at="2024-07-04T19:27:04 IST" name="beforeTest" finished-at="2024-07-04T19:27:04 IST" duration-ms="1" status="PASS">
          <reporter-output>
          </reporter-output>
        </test-method> <!-- beforeTest -->
        <test-method is-config="true" signature="beforeClass()[pri:0, instance:testcomponents.ValidateBottomLinkTest@79e4c792]" started-at="2024-07-04T19:29:36 IST" name="beforeClass" finished-at="2024-07-04T19:29:36 IST" duration-ms="0" status="PASS">
          <reporter-output>
          </reporter-output>
        </test-method> <!-- beforeClass -->
        <test-method is-config="true" signature="beforeMethod()[pri:0, instance:testcomponents.ValidateBottomLinkTest@79e4c792]" started-at="2024-07-04T19:29:36 IST" name="beforeMethod" finished-at="2024-07-04T19:29:36 IST" duration-ms="1" status="PASS">
          <reporter-output>
          </reporter-output>
        </test-method> <!-- beforeMethod -->
        <test-method signature="testBottomVerifyLink()[pri:0, instance:testcomponents.ValidateBottomLinkTest@79e4c792]" started-at="2024-07-04T19:29:36 IST" name="testBottomVerifyLink" finished-at="2024-07-04T19:30:04 IST" duration-ms="27704" status="FAIL">
          <exception class="org.openqa.selenium.ElementClickInterceptedException">
            <message>
              <![CDATA[element click intercepted: Element <a class="body-copy-sm mr-200" data-track="ft_legal_interest_based_ads" href="/site/privacy-policy/interest-based-ads/pcmcat204400050066.c?id=pcmcat204400050066" rel="noreferrer" target="_self">...</a> is not clickable at point (336, 714). Other element would receive the click: <div id="survey_window" class="modal fade modal-open in" role="dialog" style="margin-top: 236px; display: block;">...</div>
  (Session info: chrome=126.0.6478.127)
Build info: version: '4.22.0', revision: 'c5f3146703*'
System info: os.name: 'Windows 10', os.arch: 'amd64', os.version: '10.0', java.version: '17.0.7'
Driver info: org.openqa.selenium.chrome.ChromeDriver
Command: [d4cf9c3a05fe3a55cfd8eec8029a94fd, clickElement {id=f.D9497C1D588BCF030408A6CD532FA7E5.d.D0DB091135F7893E8AE741457DF07A46.e.1211}]
Capabilities {acceptInsecureCerts: false, browserName: chrome, browserVersion: 126.0.6478.127, chrome: {chromedriverVersion: 126.0.6478.126 (d36ace6122e..., userDataDir: C:\Users\HP\AppData\Local\T...}, fedcm:accounts: true, goog:chromeOptions: {debuggerAddress: localhost:52117}, networkConnectionEnabled: false, pageLoadStrategy: normal, platformName: windows, proxy: Proxy(), se:cdp: ws://localhost:52117/devtoo..., se:cdpVersion: 126.0.6478.127, setWindowRect: true, strictFileInteractability: false, timeouts: {implicit: 0, pageLoad: 300000, script: 30000}, unhandledPromptBehavior: dismiss and notify, webauthn:extension:credBlob: true, webauthn:extension:largeBlob: true, webauthn:extension:minPinLength: true, webauthn:extension:prf: true, webauthn:virtualAuthenticators: true}
Element: [[ChromeDriver: chrome on windows (d4cf9c3a05fe3a55cfd8eec8029a94fd)] -> partial link text: Interest-Based Ads]
Session ID: d4cf9c3a05fe3a55cfd8eec8029a94fd]]>
            </message>
            <full-stacktrace>
              <![CDATA[org.openqa.selenium.ElementClickInterceptedException: element click intercepted: Element <a class="body-copy-sm mr-200" data-track="ft_legal_interest_based_ads" href="/site/privacy-policy/interest-based-ads/pcmcat204400050066.c?id=pcmcat204400050066" rel="noreferrer" target="_self">...</a> is not clickable at point (336, 714). Other element would receive the click: <div id="survey_window" class="modal fade modal-open in" role="dialog" style="margin-top: 236px; display: block;">...</div>
  (Session info: chrome=126.0.6478.127)
Build info: version: '4.22.0', revision: 'c5f3146703*'
System info: os.name: 'Windows 10', os.arch: 'amd64', os.version: '10.0', java.version: '17.0.7'
Driver info: org.openqa.selenium.chrome.ChromeDriver
Command: [d4cf9c3a05fe3a55cfd8eec8029a94fd, clickElement {id=f.D9497C1D588BCF030408A6CD532FA7E5.d.D0DB091135F7893E8AE741457DF07A46.e.1211}]
Capabilities {acceptInsecureCerts: false, browserName: chrome, browserVersion: 126.0.6478.127, chrome: {chromedriverVersion: 126.0.6478.126 (d36ace6122e..., userDataDir: C:\Users\HP\AppData\Local\T...}, fedcm:accounts: true, goog:chromeOptions: {debuggerAddress: localhost:52117}, networkConnectionEnabled: false, pageLoadStrategy: normal, platformName: windows, proxy: Proxy(), se:cdp: ws://localhost:52117/devtoo..., se:cdpVersion: 126.0.6478.127, setWindowRect: true, strictFileInteractability: false, timeouts: {implicit: 0, pageLoad: 300000, script: 30000}, unhandledPromptBehavior: dismiss and notify, webauthn:extension:credBlob: true, webauthn:extension:largeBlob: true, webauthn:extension:minPinLength: true, webauthn:extension:prf: true, webauthn:virtualAuthenticators: true}
Element: [[ChromeDriver: chrome on windows (d4cf9c3a05fe3a55cfd8eec8029a94fd)] -> partial link text: Interest-Based Ads]
Session ID: d4cf9c3a05fe3a55cfd8eec8029a94fd
at java.base/jdk.internal.reflect.NativeConstructorAccessorImpl.newInstance0(Native Method)
at java.base/jdk.internal.reflect.NativeConstructorAccessorImpl.newInstance(NativeConstructorAccessorImpl.java:77)
at java.base/jdk.internal.reflect.DelegatingConstructorAccessorImpl.newInstance(DelegatingConstructorAccessorImpl.java:45)
at java.base/java.lang.reflect.Constructor.newInstanceWithCaller(Constructor.java:499)
at java.base/java.lang.reflect.Constructor.newInstance(Constructor.java:480)
at org.openqa.selenium.remote.ErrorCodec.decode(ErrorCodec.java:167)
at org.openqa.selenium.remote.codec.w3c.W3CHttpResponseCodec.decode(W3CHttpResponseCodec.java:138)
at org.openqa.selenium.remote.codec.w3c.W3CHttpResponseCodec.decode(W3CHttpResponseCodec.java:50)
at org.openqa.selenium.remote.HttpCommandExecutor.execute(HttpCommandExecutor.java:190)
at org.openqa.selenium.remote.service.DriverCommandExecutor.invokeExecute(DriverCommandExecutor.java:216)
at org.openqa.selenium.remote.service.DriverCommandExecutor.execute(DriverCommandExecutor.java:174)
at org.openqa.selenium.remote.RemoteWebDriver.execute(RemoteWebDriver.java:518)
at org.openqa.selenium.remote.RemoteWebElement.execute(RemoteWebElement.java:223)
at org.openqa.selenium.remote.RemoteWebElement.click(RemoteWebElement.java:76)
at jdk.internal.reflect.GeneratedMethodAccessor2.invoke(Unknown Source)
at java.base/jdk.internal.reflect.DelegatingMethodAccessorImpl.invoke(DelegatingMethodAccessorImpl.java:43)
at java.base/java.lang.reflect.Method.invoke(Method.java:568)
at org.openqa.selenium.support.pagefactory.internal.LocatingElementHandler.invoke(LocatingElementHandler.java:51)
at jdk.proxy2/jdk.proxy2.$Proxy22.click(Unknown Source)
at utils.WebUtility.linkClick(WebUtility.java:59)
at pagecomponents.BottomLinksValidations.validateBottomLinks(BottomLinksValidations.java:65)
at testcomponents.ValidateBottomLinkTest.testBottomVerifyLink(ValidateBottomLinkTest.java:24)
at java.base/jdk.internal.reflect.NativeMethodAccessorImpl.invoke0(Native Method)
at java.base/jdk.internal.reflect.NativeMethodAccessorImpl.invoke(NativeMethodAccessorImpl.java:77)
at java.base/jdk.internal.reflect.DelegatingMethodAccessorImpl.invoke(DelegatingMethodAccessorImpl.java:43)
at java.base/java.lang.reflect.Method.invoke(Method.java:568)
at org.testng.internal.invokers.MethodInvocationHelper.invokeMethod(MethodInvocationHelper.java:139)
at org.testng.internal.invokers.TestInvoker.invokeMethod(TestInvoker.java:677)
at org.testng.internal.invokers.TestInvoker.invokeTestMethod(TestInvoker.java:221)
at org.testng.internal.invokers.MethodRunner.runInSequence(MethodRunner.java:50)
at org.testng.internal.invokers.TestInvoker$MethodInvocationAgent.invoke(TestInvoker.java:969)
at org.testng.internal.invokers.TestInvoker.invokeTestMethods(TestInvoker.java:194)
at org.testng.internal.invokers.TestMethodWorker.invokeTestMethods(TestMethodWorker.java:148)
at org.testng.internal.invokers.TestMethodWorker.run(TestMethodWorker.java:128)
at java.base/java.util.ArrayList.forEach(ArrayList.java:1511)
at org.testng.TestRunner.privateRun(TestRunner.java:829)
at org.testng.TestRunner.run(TestRunner.java:602)
at org.testng.SuiteRunner.runTest(SuiteRunner.java:437)
at org.testng.SuiteRunner.runSequentially(SuiteRunner.java:431)
at org.testng.SuiteRunner.privateRun(SuiteRunner.java:391)
at org.testng.SuiteRunner.run(SuiteRunner.java:330)
at org.testng.SuiteRunnerWorker.runSuite(SuiteRunnerWorker.java:52)
at org.testng.SuiteRunnerWorker.run(SuiteRunnerWorker.java:95)
at org.testng.TestNG.runSuitesSequentially(TestNG.java:1256)
at org.testng.TestNG.runSuitesLocally(TestNG.java:1176)
at org.testng.TestNG.runSuites(TestNG.java:1099)
at org.testng.TestNG.run(TestNG.java:1067)
at org.testng.remote.AbstractRemoteTestNG.run(AbstractRemoteTestNG.java:115)
at org.testng.remote.RemoteTestNG.initAndRun(RemoteTestNG.java:251)
at org.testng.remote.RemoteTestNG.main(RemoteTestNG.java:77)
]]>
            </full-stacktrace>
          </exception> <!-- org.openqa.selenium.ElementClickInterceptedException -->
          <reporter-output>
          </reporter-output>
        </test-method> <!-- testBottomVerifyLink -->
        <test-method is-config="true" signature="afterMethod()[pri:0, instance:testcomponents.ValidateBottomLinkTest@79e4c792]" started-at="2024-07-04T19:30:04 IST" name="afterMethod" finished-at="2024-07-04T19:30:04 IST" duration-ms="2" status="PASS">
          <reporter-output>
          </reporter-output>
        </test-method> <!-- afterMethod -->
        <test-method is-config="true" signature="afterClass()[pri:0, instance:testcomponents.ValidateBottomLinkTest@79e4c792]" started-at="2024-07-04T19:30:04 IST" name="afterClass" finished-at="2024-07-04T19:30:04 IST" duration-ms="1" status="PASS">
          <reporter-output>
          </reporter-output>
        </test-method> <!-- afterClass -->
      </class> <!-- testcomponents.ValidateBottomLinkTest -->
      <class name="testcomponents.ShopByDeptTest">
        <test-method is-config="true" signature="beforeTest()[pri:0, instance:testcomponents.ShopByDeptTest@4c60d6e9]" started-at="2024-07-04T19:27:04 IST" name="beforeTest" finished-at="2024-07-04T19:27:04 IST" duration-ms="1" status="PASS">
          <reporter-output>
          </reporter-output>
        </test-method> <!-- beforeTest -->
        <test-method is-config="true" signature="beforeClass()[pri:0, instance:testcomponents.ShopByDeptTest@4c60d6e9]" started-at="2024-07-04T19:30:05 IST" name="beforeClass" finished-at="2024-07-04T19:30:05 IST" duration-ms="0" status="PASS">
          <reporter-output>
          </reporter-output>
        </test-method> <!-- beforeClass -->
        <test-method is-config="true" signature="beforeMethod()[pri:0, instance:testcomponents.ShopByDeptTest@4c60d6e9]" started-at="2024-07-04T19:30:05 IST" name="beforeMethod" finished-at="2024-07-04T19:30:05 IST" duration-ms="1" status="PASS">
          <reporter-output>
          </reporter-output>
        </test-method> <!-- beforeMethod -->
        <test-method signature="testShopByDept()[pri:0, instance:testcomponents.ShopByDeptTest@4c60d6e9]" started-at="2024-07-04T19:30:05 IST" name="testShopByDept" finished-at="2024-07-04T19:30:06 IST" duration-ms="1116" status="FAIL">
          <exception class="org.openqa.selenium.ElementClickInterceptedException">
            <message>
              <![CDATA[element click intercepted: Element <button class="c-button-unstyled hamburger-menu-button" type="button" aria-controls="flyout-container" aria-expanded="false" aria-label="Menu">...</button> is not clickable at point (198, 36). Other element would receive the click: <div id="confirmIt-backdrop" class="confirmIt modal-backdrop in"></div>
  (Session info: chrome=126.0.6478.127)
Build info: version: '4.22.0', revision: 'c5f3146703*'
System info: os.name: 'Windows 10', os.arch: 'amd64', os.version: '10.0', java.version: '17.0.7'
Driver info: org.openqa.selenium.chrome.ChromeDriver
Command: [d4cf9c3a05fe3a55cfd8eec8029a94fd, clickElement {id=f.D9497C1D588BCF030408A6CD532FA7E5.d.D0DB091135F7893E8AE741457DF07A46.e.1216}]
Capabilities {acceptInsecureCerts: false, browserName: chrome, browserVersion: 126.0.6478.127, chrome: {chromedriverVersion: 126.0.6478.126 (d36ace6122e..., userDataDir: C:\Users\HP\AppData\Local\T...}, fedcm:accounts: true, goog:chromeOptions: {debuggerAddress: localhost:52117}, networkConnectionEnabled: false, pageLoadStrategy: normal, platformName: windows, proxy: Proxy(), se:cdp: ws://localhost:52117/devtoo..., se:cdpVersion: 126.0.6478.127, setWindowRect: true, strictFileInteractability: false, timeouts: {implicit: 0, pageLoad: 300000, script: 30000}, unhandledPromptBehavior: dismiss and notify, webauthn:extension:credBlob: true, webauthn:extension:largeBlob: true, webauthn:extension:minPinLength: true, webauthn:extension:prf: true, webauthn:virtualAuthenticators: true}
Element: [[ChromeDriver: chrome on windows (d4cf9c3a05fe3a55cfd8eec8029a94fd)] -> xpath: //nav[@class = 'hamburger-menu']//child:: button]
Session ID: d4cf9c3a05fe3a55cfd8eec8029a94fd]]>
            </message>
            <full-stacktrace>
              <![CDATA[org.openqa.selenium.ElementClickInterceptedException: element click intercepted: Element <button class="c-button-unstyled hamburger-menu-button" type="button" aria-controls="flyout-container" aria-expanded="false" aria-label="Menu">...</button> is not clickable at point (198, 36). Other element would receive the click: <div id="confirmIt-backdrop" class="confirmIt modal-backdrop in"></div>
  (Session info: chrome=126.0.6478.127)
Build info: version: '4.22.0', revision: 'c5f3146703*'
System info: os.name: 'Windows 10', os.arch: 'amd64', os.version: '10.0', java.version: '17.0.7'
Driver info: org.openqa.selenium.chrome.ChromeDriver
Command: [d4cf9c3a05fe3a55cfd8eec8029a94fd, clickElement {id=f.D9497C1D588BCF030408A6CD532FA7E5.d.D0DB091135F7893E8AE741457DF07A46.e.1216}]
Capabilities {acceptInsecureCerts: false, browserName: chrome, browserVersion: 126.0.6478.127, chrome: {chromedriverVersion: 126.0.6478.126 (d36ace6122e..., userDataDir: C:\Users\HP\AppData\Local\T...}, fedcm:accounts: true, goog:chromeOptions: {debuggerAddress: localhost:52117}, networkConnectionEnabled: false, pageLoadStrategy: normal, platformName: windows, proxy: Proxy(), se:cdp: ws://localhost:52117/devtoo..., se:cdpVersion: 126.0.6478.127, setWindowRect: true, strictFileInteractability: false, timeouts: {implicit: 0, pageLoad: 300000, script: 30000}, unhandledPromptBehavior: dismiss and notify, webauthn:extension:credBlob: true, webauthn:extension:largeBlob: true, webauthn:extension:minPinLength: true, webauthn:extension:prf: true, webauthn:virtualAuthenticators: true}
Element: [[ChromeDriver: chrome on windows (d4cf9c3a05fe3a55cfd8eec8029a94fd)] -> xpath: //nav[@class = 'hamburger-menu']//child:: button]
Session ID: d4cf9c3a05fe3a55cfd8eec8029a94fd
at java.base/jdk.internal.reflect.NativeConstructorAccessorImpl.newInstance0(Native Method)
at java.base/jdk.internal.reflect.NativeConstructorAccessorImpl.newInstance(NativeConstructorAccessorImpl.java:77)
at java.base/jdk.internal.reflect.DelegatingConstructorAccessorImpl.newInstance(DelegatingConstructorAccessorImpl.java:45)
at java.base/java.lang.reflect.Constructor.newInstanceWithCaller(Constructor.java:499)
at java.base/java.lang.reflect.Constructor.newInstance(Constructor.java:480)
at org.openqa.selenium.remote.ErrorCodec.decode(ErrorCodec.java:167)
at org.openqa.selenium.remote.codec.w3c.W3CHttpResponseCodec.decode(W3CHttpResponseCodec.java:138)
at org.openqa.selenium.remote.codec.w3c.W3CHttpResponseCodec.decode(W3CHttpResponseCodec.java:50)
at org.openqa.selenium.remote.HttpCommandExecutor.execute(HttpCommandExecutor.java:190)
at org.openqa.selenium.remote.service.DriverCommandExecutor.invokeExecute(DriverCommandExecutor.java:216)
at org.openqa.selenium.remote.service.DriverCommandExecutor.execute(DriverCommandExecutor.java:174)
at org.openqa.selenium.remote.RemoteWebDriver.execute(RemoteWebDriver.java:518)
at org.openqa.selenium.remote.RemoteWebElement.execute(RemoteWebElement.java:223)
at org.openqa.selenium.remote.RemoteWebElement.click(RemoteWebElement.java:76)
at jdk.internal.reflect.GeneratedMethodAccessor2.invoke(Unknown Source)
at java.base/jdk.internal.reflect.DelegatingMethodAccessorImpl.invoke(DelegatingMethodAccessorImpl.java:43)
at java.base/java.lang.reflect.Method.invoke(Method.java:568)
at org.openqa.selenium.support.pagefactory.internal.LocatingElementHandler.invoke(LocatingElementHandler.java:51)
at jdk.proxy2/jdk.proxy2.$Proxy22.click(Unknown Source)
at utils.WebUtility.linkClick(WebUtility.java:59)
at pagecomponents.ShopByDepartment.addProductByDepartment(ShopByDepartment.java:37)
at testcomponents.ShopByDeptTest.testShopByDept(ShopByDeptTest.java:26)
at java.base/jdk.internal.reflect.NativeMethodAccessorImpl.invoke0(Native Method)
at java.base/jdk.internal.reflect.NativeMethodAccessorImpl.invoke(NativeMethodAccessorImpl.java:77)
at java.base/jdk.internal.reflect.DelegatingMethodAccessorImpl.invoke(DelegatingMethodAccessorImpl.java:43)
at java.base/java.lang.reflect.Method.invoke(Method.java:568)
at org.testng.internal.invokers.MethodInvocationHelper.invokeMethod(MethodInvocationHelper.java:139)
at org.testng.internal.invokers.TestInvoker.invokeMethod(TestInvoker.java:677)
at org.testng.internal.invokers.TestInvoker.invokeTestMethod(TestInvoker.java:221)
at org.testng.internal.invokers.MethodRunner.runInSequence(MethodRunner.java:50)
at org.testng.internal.invokers.TestInvoker$MethodInvocationAgent.invoke(TestInvoker.java:969)
at org.testng.internal.invokers.TestInvoker.invokeTestMethods(TestInvoker.java:194)
at org.testng.internal.invokers.TestMethodWorker.invokeTestMethods(TestMethodWorker.java:148)
at org.testng.internal.invokers.TestMethodWorker.run(TestMethodWorker.java:128)
at java.base/java.util.ArrayList.forEach(ArrayList.java:1511)
at org.testng.TestRunner.privateRun(TestRunner.java:829)
at org.testng.TestRunner.run(TestRunner.java:602)
at org.testng.SuiteRunner.runTest(SuiteRunner.java:437)
at org.testng.SuiteRunner.runSequentially(SuiteRunner.java:431)
at org.testng.SuiteRunner.privateRun(SuiteRunner.java:391)
at org.testng.SuiteRunner.run(SuiteRunner.java:330)
at org.testng.SuiteRunnerWorker.runSuite(SuiteRunnerWorker.java:52)
at org.testng.SuiteRunnerWorker.run(SuiteRunnerWorker.java:95)
at org.testng.TestNG.runSuitesSequentially(TestNG.java:1256)
at org.testng.TestNG.runSuitesLocally(TestNG.java:1176)
at org.testng.TestNG.runSuites(TestNG.java:1099)
at org.testng.TestNG.run(TestNG.java:1067)
at org.testng.remote.AbstractRemoteTestNG.run(AbstractRemoteTestNG.java:115)
at org.testng.remote.RemoteTestNG.initAndRun(RemoteTestNG.java:251)
at org.testng.remote.RemoteTestNG.main(RemoteTestNG.java:77)
]]>
            </full-stacktrace>
          </exception> <!-- org.openqa.selenium.ElementClickInterceptedException -->
          <reporter-output>
          </reporter-output>
        </test-method> <!-- testShopByDept -->
        <test-method is-config="true" signature="afterClass()[pri:0, instance:testcomponents.ShopByDeptTest@4c60d6e9]" started-at="2024-07-04T19:30:06 IST" name="afterClass" finished-at="2024-07-04T19:30:06 IST" duration-ms="1" status="PASS">
          <reporter-output>
          </reporter-output>
        </test-method> <!-- afterClass -->
        <test-method is-config="true" signature="afterMethod()[pri:0, instance:testcomponents.ShopByDeptTest@4c60d6e9]" started-at="2024-07-04T19:30:06 IST" name="afterMethod" finished-at="2024-07-04T19:30:06 IST" duration-ms="0" status="PASS">
          <reporter-output>
          </reporter-output>
        </test-method> <!-- afterMethod -->
      </class> <!-- testcomponents.ShopByDeptTest -->
      <class name="testcomponents.LoginTest">
        <test-method is-config="true" signature="beforeTest()[pri:0, instance:testcomponents.LoginTest@1c5920df]" started-at="2024-07-04T19:27:04 IST" name="beforeTest" finished-at="2024-07-04T19:27:04 IST" duration-ms="1" status="PASS">
          <reporter-output>
          </reporter-output>
        </test-method> <!-- beforeTest -->
        <test-method is-config="true" signature="beforeClass()[pri:0, instance:testcomponents.LoginTest@1c5920df]" started-at="2024-07-04T19:27:29 IST" name="beforeClass" finished-at="2024-07-04T19:27:29 IST" duration-ms="0" status="PASS">
          <reporter-output>
          </reporter-output>
        </test-method> <!-- beforeClass -->
        <test-method is-config="true" signature="beforeMethod()[pri:0, instance:testcomponents.LoginTest@1c5920df]" started-at="2024-07-04T19:27:31 IST" name="beforeMethod" finished-at="2024-07-04T19:27:31 IST" duration-ms="1" status="PASS">
          <reporter-output>
          </reporter-output>
        </test-method> <!-- beforeMethod -->
        <test-method signature="testLogin(java.lang.String,java.lang.String)[pri:0, instance:testcomponents.LoginTest@1c5920df]" started-at="2024-07-04T19:27:31 IST" name="testLogin" data-provider="readDataLogic" finished-at="2024-07-04T19:27:46 IST" duration-ms="15194" status="PASS">
          <params>
            <param index="0">
              <value>
                <![CDATA[karthinm198gmailcom]]>
              </value>
            </param>
            <param index="1">
              <value>
                <![CDATA[NM@kar1 thi$@#]]>
              </value>
            </param>
          </params>
          <reporter-output>
          </reporter-output>
        </test-method> <!-- testLogin -->
        <test-method is-config="true" signature="afterMethod()[pri:0, instance:testcomponents.LoginTest@1c5920df]" started-at="2024-07-04T19:27:46 IST" name="afterMethod" finished-at="2024-07-04T19:27:46 IST" duration-ms="1" status="PASS">
          <reporter-output>
          </reporter-output>
        </test-method> <!-- afterMethod -->
        <test-method is-config="true" signature="beforeMethod()[pri:0, instance:testcomponents.LoginTest@1c5920df]" started-at="2024-07-04T19:27:46 IST" name="beforeMethod" finished-at="2024-07-04T19:27:46 IST" duration-ms="1" status="PASS">
          <reporter-output>
          </reporter-output>
        </test-method> <!-- beforeMethod -->
        <test-method signature="testLogin(java.lang.String,java.lang.String)[pri:0, instance:testcomponents.LoginTest@1c5920df]" started-at="2024-07-04T19:27:46 IST" name="testLogin" data-provider="readDataLogic" finished-at="2024-07-04T19:28:00 IST" duration-ms="13932" status="PASS">
          <params>
            <param index="0">
              <value>
                <![CDATA[karthikumar198@gmail.com]]>
              </value>
            </param>
            <param index="1">
              <value>
                <![CDATA[testing!!1234]]>
              </value>
            </param>
          </params>
          <reporter-output>
          </reporter-output>
        </test-method> <!-- testLogin -->
        <test-method is-config="true" signature="afterMethod()[pri:0, instance:testcomponents.LoginTest@1c5920df]" started-at="2024-07-04T19:28:00 IST" name="afterMethod" finished-at="2024-07-04T19:28:00 IST" duration-ms="3" status="PASS">
          <reporter-output>
          </reporter-output>
        </test-method> <!-- afterMethod -->
        <test-method is-config="true" signature="beforeMethod()[pri:0, instance:testcomponents.LoginTest@1c5920df]" started-at="2024-07-04T19:28:00 IST" name="beforeMethod" finished-at="2024-07-04T19:28:00 IST" duration-ms="1" status="PASS">
          <reporter-output>
          </reporter-output>
        </test-method> <!-- beforeMethod -->
        <test-method signature="testLogin(java.lang.String,java.lang.String)[pri:0, instance:testcomponents.LoginTest@1c5920df]" started-at="2024-07-04T19:28:00 IST" name="testLogin" data-provider="readDataLogic" finished-at="2024-07-04T19:28:11 IST" duration-ms="11186" status="PASS">
          <params>
            <param index="0">
              <value>
                <![CDATA[karthinm198gmailcom]]>
              </value>
            </param>
            <param index="1">
              <value>
                <![CDATA[Resting1245]]>
              </value>
            </param>
          </params>
          <reporter-output>
          </reporter-output>
        </test-method> <!-- testLogin -->
        <test-method is-config="true" signature="afterMethod()[pri:0, instance:testcomponents.LoginTest@1c5920df]" started-at="2024-07-04T19:28:11 IST" name="afterMethod" finished-at="2024-07-04T19:28:11 IST" duration-ms="1" status="PASS">
          <reporter-output>
          </reporter-output>
        </test-method> <!-- afterMethod -->
        <test-method is-config="true" signature="beforeMethod()[pri:0, instance:testcomponents.LoginTest@1c5920df]" started-at="2024-07-04T19:28:11 IST" name="beforeMethod" finished-at="2024-07-04T19:28:11 IST" duration-ms="1" status="PASS">
          <reporter-output>
          </reporter-output>
        </test-method> <!-- beforeMethod -->
        <test-method signature="testLogin(java.lang.String,java.lang.String)[pri:0, instance:testcomponents.LoginTest@1c5920df]" started-at="2024-07-04T19:28:11 IST" name="testLogin" data-provider="readDataLogic" finished-at="2024-07-04T19:28:23 IST" duration-ms="12010" status="PASS">
          <params>
            <param index="0">
              <value>
                <![CDATA[karthikumar198@gmail.com]]>
              </value>
            </param>
            <param index="1">
              <value>
                <![CDATA[NM@kar1 thi$@#]]>
              </value>
            </param>
          </params>
          <reporter-output>
          </reporter-output>
        </test-method> <!-- testLogin -->
        <test-method is-config="true" signature="afterMethod()[pri:0, instance:testcomponents.LoginTest@1c5920df]" started-at="2024-07-04T19:28:23 IST" name="afterMethod" finished-at="2024-07-04T19:28:23 IST" duration-ms="0" status="PASS">
          <reporter-output>
          </reporter-output>
        </test-method> <!-- afterMethod -->
        <test-method is-config="true" signature="afterClass()[pri:0, instance:testcomponents.LoginTest@1c5920df]" started-at="2024-07-04T19:28:23 IST" name="afterClass" finished-at="2024-07-04T19:28:23 IST" duration-ms="0" status="PASS">
          <reporter-output>
          </reporter-output>
        </test-method> <!-- afterClass -->
      </class> <!-- testcomponents.LoginTest -->
      <class name="testcomponents.MenuValidationTest">
        <test-method is-config="true" signature="beforeTest()[pri:0, instance:testcomponents.MenuValidationTest@17f9d882]" started-at="2024-07-04T19:27:04 IST" name="beforeTest" finished-at="2024-07-04T19:27:04 IST" duration-ms="0" status="PASS">
          <reporter-output>
          </reporter-output>
        </test-method> <!-- beforeTest -->
        <test-method is-config="true" signature="beforeClass()[pri:0, instance:testcomponents.MenuValidationTest@17f9d882]" started-at="2024-07-04T19:28:23 IST" name="beforeClass" finished-at="2024-07-04T19:28:23 IST" duration-ms="1" status="PASS">
          <reporter-output>
          </reporter-output>
        </test-method> <!-- beforeClass -->
        <test-method is-config="true" signature="beforeMethod()[pri:0, instance:testcomponents.MenuValidationTest@17f9d882]" started-at="2024-07-04T19:28:23 IST" name="beforeMethod" finished-at="2024-07-04T19:28:23 IST" duration-ms="1" status="PASS">
          <reporter-output>
          </reporter-output>
        </test-method> <!-- beforeMethod -->
        <test-method signature="testMenuValidation()[pri:0, instance:testcomponents.MenuValidationTest@17f9d882]" started-at="2024-07-04T19:28:23 IST" name="testMenuValidation" finished-at="2024-07-04T19:29:36 IST" duration-ms="73025" status="PASS">
          <reporter-output>
          </reporter-output>
        </test-method> <!-- testMenuValidation -->
        <test-method is-config="true" signature="afterMethod()[pri:0, instance:testcomponents.MenuValidationTest@17f9d882]" started-at="2024-07-04T19:29:36 IST" name="afterMethod" finished-at="2024-07-04T19:29:36 IST" duration-ms="1" status="PASS">
          <reporter-output>
          </reporter-output>
        </test-method> <!-- afterMethod -->
        <test-method is-config="true" signature="afterClass()[pri:0, instance:testcomponents.MenuValidationTest@17f9d882]" started-at="2024-07-04T19:29:36 IST" name="afterClass" finished-at="2024-07-04T19:29:36 IST" duration-ms="0" status="PASS">
          <reporter-output>
          </reporter-output>
        </test-method> <!-- afterClass -->
      </class> <!-- testcomponents.MenuValidationTest -->
      <class name="testcomponents.SearchByIteamTest">
        <test-method is-config="true" signature="beforeTest()[pri:0, instance:testcomponents.SearchByIteamTest@196a42c3]" started-at="2024-07-04T19:27:04 IST" name="beforeTest" finished-at="2024-07-04T19:27:04 IST" duration-ms="2" status="PASS">
          <reporter-output>
          </reporter-output>
        </test-method> <!-- beforeTest -->
        <test-method is-config="true" signature="beforeClass()[pri:0, instance:testcomponents.SearchByIteamTest@196a42c3]" started-at="2024-07-04T19:30:04 IST" name="beforeClass" finished-at="2024-07-04T19:30:04 IST" duration-ms="1" status="PASS">
          <reporter-output>
          </reporter-output>
        </test-method> <!-- beforeClass -->
        <test-method is-config="true" signature="beforeMethod()[pri:0, instance:testcomponents.SearchByIteamTest@196a42c3]" started-at="2024-07-04T19:30:04 IST" name="beforeMethod" finished-at="2024-07-04T19:30:04 IST" duration-ms="1" status="PASS">
          <reporter-output>
          </reporter-output>
        </test-method> <!-- beforeMethod -->
        <test-method signature="testSearchByItem()[pri:0, instance:testcomponents.SearchByIteamTest@196a42c3]" started-at="2024-07-04T19:30:04 IST" name="testSearchByItem" finished-at="2024-07-04T19:30:05 IST" duration-ms="1279" status="FAIL">
          <exception class="org.openqa.selenium.ElementClickInterceptedException">
            <message>
              <![CDATA[element click intercepted: Element <button aria-label="submit search" class="header-search-button" title="submit search" type="submit">...</button> is not clickable at point (908, 36). Other element would receive the click: <div id="confirmIt-backdrop" class="confirmIt modal-backdrop in"></div>
  (Session info: chrome=126.0.6478.127)
Build info: version: '4.22.0', revision: 'c5f3146703*'
System info: os.name: 'Windows 10', os.arch: 'amd64', os.version: '10.0', java.version: '17.0.7'
Driver info: org.openqa.selenium.chrome.ChromeDriver
Command: [d4cf9c3a05fe3a55cfd8eec8029a94fd, clickElement {id=f.D9497C1D588BCF030408A6CD532FA7E5.d.D0DB091135F7893E8AE741457DF07A46.e.1186}]
Capabilities {acceptInsecureCerts: false, browserName: chrome, browserVersion: 126.0.6478.127, chrome: {chromedriverVersion: 126.0.6478.126 (d36ace6122e..., userDataDir: C:\Users\HP\AppData\Local\T...}, fedcm:accounts: true, goog:chromeOptions: {debuggerAddress: localhost:52117}, networkConnectionEnabled: false, pageLoadStrategy: normal, platformName: windows, proxy: Proxy(), se:cdp: ws://localhost:52117/devtoo..., se:cdpVersion: 126.0.6478.127, setWindowRect: true, strictFileInteractability: false, timeouts: {implicit: 0, pageLoad: 300000, script: 30000}, unhandledPromptBehavior: dismiss and notify, webauthn:extension:credBlob: true, webauthn:extension:largeBlob: true, webauthn:extension:minPinLength: true, webauthn:extension:prf: true, webauthn:virtualAuthenticators: true}
Element: [[ChromeDriver: chrome on windows (d4cf9c3a05fe3a55cfd8eec8029a94fd)] -> xpath: //button[@class = 'header-search-button']]
Session ID: d4cf9c3a05fe3a55cfd8eec8029a94fd]]>
            </message>
            <full-stacktrace>
              <![CDATA[org.openqa.selenium.ElementClickInterceptedException: element click intercepted: Element <button aria-label="submit search" class="header-search-button" title="submit search" type="submit">...</button> is not clickable at point (908, 36). Other element would receive the click: <div id="confirmIt-backdrop" class="confirmIt modal-backdrop in"></div>
  (Session info: chrome=126.0.6478.127)
Build info: version: '4.22.0', revision: 'c5f3146703*'
System info: os.name: 'Windows 10', os.arch: 'amd64', os.version: '10.0', java.version: '17.0.7'
Driver info: org.openqa.selenium.chrome.ChromeDriver
Command: [d4cf9c3a05fe3a55cfd8eec8029a94fd, clickElement {id=f.D9497C1D588BCF030408A6CD532FA7E5.d.D0DB091135F7893E8AE741457DF07A46.e.1186}]
Capabilities {acceptInsecureCerts: false, browserName: chrome, browserVersion: 126.0.6478.127, chrome: {chromedriverVersion: 126.0.6478.126 (d36ace6122e..., userDataDir: C:\Users\HP\AppData\Local\T...}, fedcm:accounts: true, goog:chromeOptions: {debuggerAddress: localhost:52117}, networkConnectionEnabled: false, pageLoadStrategy: normal, platformName: windows, proxy: Proxy(), se:cdp: ws://localhost:52117/devtoo..., se:cdpVersion: 126.0.6478.127, setWindowRect: true, strictFileInteractability: false, timeouts: {implicit: 0, pageLoad: 300000, script: 30000}, unhandledPromptBehavior: dismiss and notify, webauthn:extension:credBlob: true, webauthn:extension:largeBlob: true, webauthn:extension:minPinLength: true, webauthn:extension:prf: true, webauthn:virtualAuthenticators: true}
Element: [[ChromeDriver: chrome on windows (d4cf9c3a05fe3a55cfd8eec8029a94fd)] -> xpath: //button[@class = 'header-search-button']]
Session ID: d4cf9c3a05fe3a55cfd8eec8029a94fd
at java.base/jdk.internal.reflect.NativeConstructorAccessorImpl.newInstance0(Native Method)
at java.base/jdk.internal.reflect.NativeConstructorAccessorImpl.newInstance(NativeConstructorAccessorImpl.java:77)
at java.base/jdk.internal.reflect.DelegatingConstructorAccessorImpl.newInstance(DelegatingConstructorAccessorImpl.java:45)
at java.base/java.lang.reflect.Constructor.newInstanceWithCaller(Constructor.java:499)
at java.base/java.lang.reflect.Constructor.newInstance(Constructor.java:480)
at org.openqa.selenium.remote.ErrorCodec.decode(ErrorCodec.java:167)
at org.openqa.selenium.remote.codec.w3c.W3CHttpResponseCodec.decode(W3CHttpResponseCodec.java:138)
at org.openqa.selenium.remote.codec.w3c.W3CHttpResponseCodec.decode(W3CHttpResponseCodec.java:50)
at org.openqa.selenium.remote.HttpCommandExecutor.execute(HttpCommandExecutor.java:190)
at org.openqa.selenium.remote.service.DriverCommandExecutor.invokeExecute(DriverCommandExecutor.java:216)
at org.openqa.selenium.remote.service.DriverCommandExecutor.execute(DriverCommandExecutor.java:174)
at org.openqa.selenium.remote.RemoteWebDriver.execute(RemoteWebDriver.java:518)
at org.openqa.selenium.remote.RemoteWebElement.execute(RemoteWebElement.java:223)
at org.openqa.selenium.remote.RemoteWebElement.click(RemoteWebElement.java:76)
at jdk.internal.reflect.GeneratedMethodAccessor2.invoke(Unknown Source)
at java.base/jdk.internal.reflect.DelegatingMethodAccessorImpl.invoke(DelegatingMethodAccessorImpl.java:43)
at java.base/java.lang.reflect.Method.invoke(Method.java:568)
at org.openqa.selenium.support.pagefactory.internal.LocatingElementHandler.invoke(LocatingElementHandler.java:51)
at jdk.proxy2/jdk.proxy2.$Proxy22.click(Unknown Source)
at utils.WebUtility.clickButton(WebUtility.java:67)
at pagecomponents.SearchByItem.searchByIteam(SearchByItem.java:33)
at testcomponents.SearchByIteamTest.testSearchByItem(SearchByIteamTest.java:27)
at java.base/jdk.internal.reflect.NativeMethodAccessorImpl.invoke0(Native Method)
at java.base/jdk.internal.reflect.NativeMethodAccessorImpl.invoke(NativeMethodAccessorImpl.java:77)
at java.base/jdk.internal.reflect.DelegatingMethodAccessorImpl.invoke(DelegatingMethodAccessorImpl.java:43)
at java.base/java.lang.reflect.Method.invoke(Method.java:568)
at org.testng.internal.invokers.MethodInvocationHelper.invokeMethod(MethodInvocationHelper.java:139)
at org.testng.internal.invokers.TestInvoker.invokeMethod(TestInvoker.java:677)
at org.testng.internal.invokers.TestInvoker.invokeTestMethod(TestInvoker.java:221)
at org.testng.internal.invokers.MethodRunner.runInSequence(MethodRunner.java:50)
at org.testng.internal.invokers.TestInvoker$MethodInvocationAgent.invoke(TestInvoker.java:969)
at org.testng.internal.invokers.TestInvoker.invokeTestMethods(TestInvoker.java:194)
at org.testng.internal.invokers.TestMethodWorker.invokeTestMethods(TestMethodWorker.java:148)
at org.testng.internal.invokers.TestMethodWorker.run(TestMethodWorker.java:128)
at java.base/java.util.ArrayList.forEach(ArrayList.java:1511)
at org.testng.TestRunner.privateRun(TestRunner.java:829)
at org.testng.TestRunner.run(TestRunner.java:602)
at org.testng.SuiteRunner.runTest(SuiteRunner.java:437)
at org.testng.SuiteRunner.runSequentially(SuiteRunner.java:431)
at org.testng.SuiteRunner.privateRun(SuiteRunner.java:391)
at org.testng.SuiteRunner.run(SuiteRunner.java:330)
at org.testng.SuiteRunnerWorker.runSuite(SuiteRunnerWorker.java:52)
at org.testng.SuiteRunnerWorker.run(SuiteRunnerWorker.java:95)
at org.testng.TestNG.runSuitesSequentially(TestNG.java:1256)
at org.testng.TestNG.runSuitesLocally(TestNG.java:1176)
at org.testng.TestNG.runSuites(TestNG.java:1099)
at org.testng.TestNG.run(TestNG.java:1067)
at org.testng.remote.AbstractRemoteTestNG.run(AbstractRemoteTestNG.java:115)
at org.testng.remote.RemoteTestNG.initAndRun(RemoteTestNG.java:251)
at org.testng.remote.RemoteTestNG.main(RemoteTestNG.java:77)
]]>
            </full-stacktrace>
          </exception> <!-- org.openqa.selenium.ElementClickInterceptedException -->
          <reporter-output>
          </reporter-output>
        </test-method> <!-- testSearchByItem -->
        <test-method is-config="true" signature="afterClass()[pri:0, instance:testcomponents.SearchByIteamTest@196a42c3]" started-at="2024-07-04T19:30:05 IST" name="afterClass" finished-at="2024-07-04T19:30:05 IST" duration-ms="1" status="PASS">
          <reporter-output>
          </reporter-output>
        </test-method> <!-- afterClass -->
        <test-method is-config="true" signature="afterMethod()[pri:0, instance:testcomponents.SearchByIteamTest@196a42c3]" started-at="2024-07-04T19:30:05 IST" name="afterMethod" finished-at="2024-07-04T19:30:05 IST" duration-ms="0" status="PASS">
          <reporter-output>
          </reporter-output>
        </test-method> <!-- afterMethod -->
      </class> <!-- testcomponents.SearchByIteamTest -->
      <class name="testcomponents.CheckOutTest">
        <test-method is-config="true" signature="beforeTest()[pri:0, instance:testcomponents.CheckOutTest@4a83a74a]" started-at="2024-07-04T19:27:04 IST" name="beforeTest" finished-at="2024-07-04T19:27:04 IST" duration-ms="1" status="PASS">
          <reporter-output>
          </reporter-output>
        </test-method> <!-- beforeTest -->
        <test-method is-config="true" signature="beforeClass()[pri:0, instance:testcomponents.CheckOutTest@4a83a74a]" started-at="2024-07-04T19:30:07 IST" name="beforeClass" finished-at="2024-07-04T19:30:07 IST" duration-ms="0" status="PASS">
          <reporter-output>
          </reporter-output>
        </test-method> <!-- beforeClass -->
        <test-method signature="testCheckOut()[pri:0, instance:testcomponents.CheckOutTest@4a83a74a]" started-at="2024-07-04T19:30:07 IST" name="testCheckOut" finished-at="2024-07-04T19:30:12 IST" duration-ms="5031" status="FAIL">
          <exception class="org.openqa.selenium.NoSuchElementException">
            <message>
              <![CDATA[no such element: Unable to locate element: {"method":"xpath","selector":"//button[text() = 'Checkout']"}
  (Session info: chrome=126.0.6478.127)
For documentation on this error, please visit: https://www.selenium.dev/documentation/webdriver/troubleshooting/errors#no-such-element-exception
Build info: version: '4.22.0', revision: 'c5f3146703*'
System info: os.name: 'Windows 10', os.arch: 'amd64', os.version: '10.0', java.version: '17.0.7'
Driver info: org.openqa.selenium.chrome.ChromeDriver
Command: [d4cf9c3a05fe3a55cfd8eec8029a94fd, findElement {value=//button[text() = 'Checkout'], using=xpath}]
Capabilities {acceptInsecureCerts: false, browserName: chrome, browserVersion: 126.0.6478.127, chrome: {chromedriverVersion: 126.0.6478.126 (d36ace6122e..., userDataDir: C:\Users\HP\AppData\Local\T...}, fedcm:accounts: true, goog:chromeOptions: {debuggerAddress: localhost:52117}, networkConnectionEnabled: false, pageLoadStrategy: normal, platformName: windows, proxy: Proxy(), se:cdp: ws://localhost:52117/devtoo..., se:cdpVersion: 126.0.6478.127, setWindowRect: true, strictFileInteractability: false, timeouts: {implicit: 0, pageLoad: 300000, script: 30000}, unhandledPromptBehavior: dismiss and notify, webauthn:extension:credBlob: true, webauthn:extension:largeBlob: true, webauthn:extension:minPinLength: true, webauthn:extension:prf: true, webauthn:virtualAuthenticators: true}
Session ID: d4cf9c3a05fe3a55cfd8eec8029a94fd]]>
            </message>
            <full-stacktrace>
              <![CDATA[org.openqa.selenium.NoSuchElementException: no such element: Unable to locate element: {"method":"xpath","selector":"//button[text() = 'Checkout']"}
  (Session info: chrome=126.0.6478.127)
For documentation on this error, please visit: https://www.selenium.dev/documentation/webdriver/troubleshooting/errors#no-such-element-exception
Build info: version: '4.22.0', revision: 'c5f3146703*'
System info: os.name: 'Windows 10', os.arch: 'amd64', os.version: '10.0', java.version: '17.0.7'
Driver info: org.openqa.selenium.chrome.ChromeDriver
Command: [d4cf9c3a05fe3a55cfd8eec8029a94fd, findElement {value=//button[text() = 'Checkout'], using=xpath}]
Capabilities {acceptInsecureCerts: false, browserName: chrome, browserVersion: 126.0.6478.127, chrome: {chromedriverVersion: 126.0.6478.126 (d36ace6122e..., userDataDir: C:\Users\HP\AppData\Local\T...}, fedcm:accounts: true, goog:chromeOptions: {debuggerAddress: localhost:52117}, networkConnectionEnabled: false, pageLoadStrategy: normal, platformName: windows, proxy: Proxy(), se:cdp: ws://localhost:52117/devtoo..., se:cdpVersion: 126.0.6478.127, setWindowRect: true, strictFileInteractability: false, timeouts: {implicit: 0, pageLoad: 300000, script: 30000}, unhandledPromptBehavior: dismiss and notify, webauthn:extension:credBlob: true, webauthn:extension:largeBlob: true, webauthn:extension:minPinLength: true, webauthn:extension:prf: true, webauthn:virtualAuthenticators: true}
Session ID: d4cf9c3a05fe3a55cfd8eec8029a94fd
at java.base/jdk.internal.reflect.NativeConstructorAccessorImpl.newInstance0(Native Method)
at java.base/jdk.internal.reflect.NativeConstructorAccessorImpl.newInstance(NativeConstructorAccessorImpl.java:77)
at java.base/jdk.internal.reflect.DelegatingConstructorAccessorImpl.newInstance(DelegatingConstructorAccessorImpl.java:45)
at java.base/java.lang.reflect.Constructor.newInstanceWithCaller(Constructor.java:499)
at java.base/java.lang.reflect.Constructor.newInstance(Constructor.java:480)
at org.openqa.selenium.remote.ErrorCodec.decode(ErrorCodec.java:167)
at org.openqa.selenium.remote.codec.w3c.W3CHttpResponseCodec.decode(W3CHttpResponseCodec.java:138)
at org.openqa.selenium.remote.codec.w3c.W3CHttpResponseCodec.decode(W3CHttpResponseCodec.java:50)
at org.openqa.selenium.remote.HttpCommandExecutor.execute(HttpCommandExecutor.java:190)
at org.openqa.selenium.remote.service.DriverCommandExecutor.invokeExecute(DriverCommandExecutor.java:216)
at org.openqa.selenium.remote.service.DriverCommandExecutor.execute(DriverCommandExecutor.java:174)
at org.openqa.selenium.remote.RemoteWebDriver.execute(RemoteWebDriver.java:518)
at org.openqa.selenium.remote.ElementLocation$ElementFinder$2.findElement(ElementLocation.java:165)
at org.openqa.selenium.remote.ElementLocation.findElement(ElementLocation.java:59)
at org.openqa.selenium.remote.RemoteWebDriver.findElement(RemoteWebDriver.java:355)
at org.openqa.selenium.remote.RemoteWebDriver.findElement(RemoteWebDriver.java:349)
at org.openqa.selenium.support.pagefactory.DefaultElementLocator.findElement(DefaultElementLocator.java:68)
at org.openqa.selenium.support.pagefactory.internal.LocatingElementHandler.invoke(LocatingElementHandler.java:38)
at jdk.proxy2/jdk.proxy2.$Proxy22.click(Unknown Source)
at utils.WebUtility.clickButton(WebUtility.java:67)
at pagecomponents.CheckOutProcess.paymentProcess(CheckOutProcess.java:67)
at testcomponents.CheckOutTest.testCheckOut(CheckOutTest.java:23)
at java.base/jdk.internal.reflect.NativeMethodAccessorImpl.invoke0(Native Method)
at java.base/jdk.internal.reflect.NativeMethodAccessorImpl.invoke(NativeMethodAccessorImpl.java:77)
at java.base/jdk.internal.reflect.DelegatingMethodAccessorImpl.invoke(DelegatingMethodAccessorImpl.java:43)
at java.base/java.lang.reflect.Method.invoke(Method.java:568)
at org.testng.internal.invokers.MethodInvocationHelper.invokeMethod(MethodInvocationHelper.java:139)
at org.testng.internal.invokers.TestInvoker.invokeMethod(TestInvoker.java:677)
at org.testng.internal.invokers.TestInvoker.invokeTestMethod(TestInvoker.java:221)
at org.testng.internal.invokers.MethodRunner.runInSequence(MethodRunner.java:50)
at org.testng.internal.invokers.TestInvoker$MethodInvocationAgent.invoke(TestInvoker.java:969)
at org.testng.internal.invokers.TestInvoker.invokeTestMethods(TestInvoker.java:194)
at org.testng.internal.invokers.TestMethodWorker.invokeTestMethods(TestMethodWorker.java:148)
at org.testng.internal.invokers.TestMethodWorker.run(TestMethodWorker.java:128)
at java.base/java.util.ArrayList.forEach(ArrayList.java:1511)
at org.testng.TestRunner.privateRun(TestRunner.java:829)
at org.testng.TestRunner.run(TestRunner.java:602)
at org.testng.SuiteRunner.runTest(SuiteRunner.java:437)
at org.testng.SuiteRunner.runSequentially(SuiteRunner.java:431)
at org.testng.SuiteRunner.privateRun(SuiteRunner.java:391)
at org.testng.SuiteRunner.run(SuiteRunner.java:330)
at org.testng.SuiteRunnerWorker.runSuite(SuiteRunnerWorker.java:52)
at org.testng.SuiteRunnerWorker.run(SuiteRunnerWorker.java:95)
at org.testng.TestNG.runSuitesSequentially(TestNG.java:1256)
at org.testng.TestNG.runSuitesLocally(TestNG.java:1176)
at org.testng.TestNG.runSuites(TestNG.java:1099)
at org.testng.TestNG.run(TestNG.java:1067)
at org.testng.remote.AbstractRemoteTestNG.run(AbstractRemoteTestNG.java:115)
at org.testng.remote.RemoteTestNG.initAndRun(RemoteTestNG.java:251)
at org.testng.remote.RemoteTestNG.main(RemoteTestNG.java:77)
]]>
            </full-stacktrace>
          </exception> <!-- org.openqa.selenium.NoSuchElementException -->
          <reporter-output>
          </reporter-output>
        </test-method> <!-- testCheckOut -->
        <test-method is-config="true" signature="beforeMethod()[pri:0, instance:testcomponents.CheckOutTest@4a83a74a]" started-at="2024-07-04T19:30:07 IST" name="beforeMethod" finished-at="2024-07-04T19:30:07 IST" duration-ms="0" status="PASS">
          <reporter-output>
          </reporter-output>
        </test-method> <!-- beforeMethod -->
        <test-method is-config="true" signature="afterMethod()[pri:0, instance:testcomponents.CheckOutTest@4a83a74a]" started-at="2024-07-04T19:30:12 IST" name="afterMethod" finished-at="2024-07-04T19:30:12 IST" duration-ms="0" status="PASS">
          <reporter-output>
          </reporter-output>
        </test-method> <!-- afterMethod -->
        <test-method is-config="true" signature="afterClass()[pri:0, instance:testcomponents.CheckOutTest@4a83a74a]" started-at="2024-07-04T19:30:12 IST" name="afterClass" finished-at="2024-07-04T19:30:12 IST" duration-ms="0" status="PASS">
          <reporter-output>
          </reporter-output>
        </test-method> <!-- afterClass -->
      </class> <!-- testcomponents.CheckOutTest -->
      <class name="testcomponents.ValidateURLTest">
        <test-method is-config="true" signature="beforeSuite(java.lang.String)[pri:0, instance:testcomponents.ValidateURLTest@548d708a]" started-at="2024-07-04T19:26:48 IST" name="beforeSuite" finished-at="2024-07-04T19:27:04 IST" duration-ms="15835" status="PASS">
          <params>
            <param index="0">
              <value>
                <![CDATA[Chrome]]>
              </value>
            </param>
          </params>
          <reporter-output>
          </reporter-output>
        </test-method> <!-- beforeSuite -->
        <test-method is-config="true" signature="beforeTest()[pri:0, instance:testcomponents.ValidateURLTest@548d708a]" started-at="2024-07-04T19:27:04 IST" name="beforeTest" finished-at="2024-07-04T19:27:04 IST" duration-ms="1" status="PASS">
          <reporter-output>
          </reporter-output>
        </test-method> <!-- beforeTest -->
        <test-method is-config="true" signature="beforeClass()[pri:0, instance:testcomponents.ValidateURLTest@548d708a]" started-at="2024-07-04T19:27:04 IST" name="beforeClass" finished-at="2024-07-04T19:27:04 IST" duration-ms="7" status="PASS">
          <reporter-output>
          </reporter-output>
        </test-method> <!-- beforeClass -->
        <test-method is-config="true" signature="beforeMethod()[pri:0, instance:testcomponents.ValidateURLTest@548d708a]" started-at="2024-07-04T19:27:04 IST" name="beforeMethod" finished-at="2024-07-04T19:27:04 IST" duration-ms="2" status="PASS">
          <reporter-output>
          </reporter-output>
        </test-method> <!-- beforeMethod -->
        <test-method signature="testValidateURL()[pri:0, instance:testcomponents.ValidateURLTest@548d708a]" started-at="2024-07-04T19:27:04 IST" name="testValidateURL" finished-at="2024-07-04T19:27:18 IST" duration-ms="14316" status="PASS">
          <reporter-output>
          </reporter-output>
        </test-method> <!-- testValidateURL -->
        <test-method is-config="true" signature="afterMethod()[pri:0, instance:testcomponents.ValidateURLTest@548d708a]" started-at="2024-07-04T19:27:18 IST" name="afterMethod" finished-at="2024-07-04T19:27:18 IST" duration-ms="1" status="PASS">
          <reporter-output>
          </reporter-output>
        </test-method> <!-- afterMethod -->
        <test-method is-config="true" signature="afterClass()[pri:0, instance:testcomponents.ValidateURLTest@548d708a]" started-at="2024-07-04T19:27:18 IST" name="afterClass" finished-at="2024-07-04T19:27:18 IST" duration-ms="1" status="PASS">
          <reporter-output>
          </reporter-output>
        </test-method> <!-- afterClass -->
        <test-method is-config="true" signature="afterTest()[pri:0, instance:testcomponents.ValidateURLTest@548d708a]" started-at="2024-07-04T19:30:12 IST" name="afterTest" finished-at="2024-07-04T19:30:12 IST" duration-ms="2" status="PASS">
          <reporter-output>
          </reporter-output>
        </test-method> <!-- afterTest -->
        <test-method is-config="true" signature="afterSuite()[pri:0, instance:testcomponents.ValidateURLTest@548d708a]" started-at="2024-07-04T19:30:13 IST" name="afterSuite" finished-at="2024-07-04T19:30:14 IST" duration-ms="1897" status="PASS">
          <reporter-output>
          </reporter-output>
        </test-method> <!-- afterSuite -->
      </class> <!-- testcomponents.ValidateURLTest -->
      <class name="testcomponents.SignupTest">
        <test-method is-config="true" signature="beforeTest()[pri:0, instance:testcomponents.SignupTest@350aac89]" started-at="2024-07-04T19:27:04 IST" name="beforeTest" finished-at="2024-07-04T19:27:04 IST" duration-ms="0" status="PASS">
          <reporter-output>
          </reporter-output>
        </test-method> <!-- beforeTest -->
        <test-method is-config="true" signature="beforeClass()[pri:0, instance:testcomponents.SignupTest@350aac89]" started-at="2024-07-04T19:27:18 IST" name="beforeClass" finished-at="2024-07-04T19:27:18 IST" duration-ms="1" status="PASS">
          <reporter-output>
          </reporter-output>
        </test-method> <!-- beforeClass -->
        <test-method signature="testSignup()[pri:0, instance:testcomponents.SignupTest@350aac89]" started-at="2024-07-04T19:27:18 IST" name="testSignup" finished-at="2024-07-04T19:27:29 IST" duration-ms="10569" status="PASS">
          <reporter-output>
          </reporter-output>
        </test-method> <!-- testSignup -->
        <test-method is-config="true" signature="beforeMethod()[pri:0, instance:testcomponents.SignupTest@350aac89]" started-at="2024-07-04T19:27:18 IST" name="beforeMethod" finished-at="2024-07-04T19:27:18 IST" duration-ms="0" status="PASS">
          <reporter-output>
          </reporter-output>
        </test-method> <!-- beforeMethod -->
        <test-method is-config="true" signature="afterMethod()[pri:0, instance:testcomponents.SignupTest@350aac89]" started-at="2024-07-04T19:27:29 IST" name="afterMethod" finished-at="2024-07-04T19:27:29 IST" duration-ms="0" status="PASS">
          <reporter-output>
          </reporter-output>
        </test-method> <!-- afterMethod -->
        <test-method is-config="true" signature="afterClass()[pri:0, instance:testcomponents.SignupTest@350aac89]" started-at="2024-07-04T19:27:29 IST" name="afterClass" finished-at="2024-07-04T19:27:29 IST" duration-ms="0" status="PASS">
          <reporter-output>
          </reporter-output>
        </test-method> <!-- afterClass -->
      </class> <!-- testcomponents.SignupTest -->
    </test> <!-- ChromeBestbuyTest -->
  </suite> <!-- Suite -->
</testng-results>
